<?xml version="1.0" encoding="UTF-8" ?>
<testsuite failures="0" time="2.892" errors="0" skipped="0" tests="1" name="sy.test.TestSpring">
  <properties>
    <property name="jboss.i18n.generate-proxies" value="true"/>
    <property name="java.runtime.name" value="Java(TM) SE Runtime Environment"/>
    <property name="sun.boot.library.path" value="C:\MyEclipse2014\binary\com.sun.java.jdk7.win32.x86_64_1.7.0.u45\jre\bin"/>
    <property name="java.vm.version" value="24.45-b08"/>
    <property name="java.vm.vendor" value="Oracle Corporation"/>
    <property name="java.vendor.url" value="http://java.oracle.com/"/>
    <property name="path.separator" value=";"/>
    <property name="java.vm.name" value="Java HotSpot(TM) 64-Bit Server VM"/>
    <property name="file.encoding.pkg" value="sun.io"/>
    <property name="user.script" value=""/>
    <property name="user.country" value="TW"/>
    <property name="sun.java.launcher" value="SUN_STANDARD"/>
    <property name="sun.os.patch.level" value="Service Pack 1"/>
    <property name="java.vm.specification.name" value="Java Virtual Machine Specification"/>
    <property name="user.dir" value="D:\GitHub\JavaWebExercise\sshe"/>
    <property name="java.runtime.version" value="1.7.0_45-b18"/>
    <property name="java.awt.graphicsenv" value="sun.awt.Win32GraphicsEnvironment"/>
    <property name="basedir" value="D:\GitHub\JavaWebExercise\sshe"/>
    <property name="java.endorsed.dirs" value="C:\MyEclipse2014\binary\com.sun.java.jdk7.win32.x86_64_1.7.0.u45\jre\lib\endorsed"/>
    <property name="os.arch" value="amd64"/>
    <property name="surefire.real.class.path" value="D:\GitHub\JavaWebExercise\sshe\target\surefire\surefirebooter2589409736986541068.jar"/>
    <property name="java.io.tmpdir" value="C:\Users\a0801\AppData\Local\Temp\"/>
    <property name="line.separator" value="
"/>
    <property name="java.vm.specification.vendor" value="Oracle Corporation"/>
    <property name="user.variant" value=""/>
    <property name="os.name" value="Windows 7"/>
    <property name="sun.jnu.encoding" value="MS950"/>
    <property name="java.library.path" value="C:\MyEclipse2014\binary\com.sun.java.jdk7.win32.x86_64_1.7.0.u45\jre\bin;C:\Windows\Sun\Java\bin;C:\Windows\system32;C:\Windows;C:\Program Files\Oracle\VirtualBox;C:\HashiCorp\Vagrant\bin;C:\ProgramData\Oracle\Java\javapath;C:\app\a0801\product\11.2.0\dbhome_1\bin;C:\Python32;C:\Python32\Tools\Scripts;C:\apache-maven-3.1.1\bin;C:\gradle-1.8\bin;C:\Progra~1\Java\jdk1.6.0_45\bin;C:\Windows\system32;C:\Windows;C:\Windows\System32\Wbem;C:\Windows\System32\WindowsPowerShell\v1.0\;C:\Program Files (x86)\Intel\OpenCL SDK\2.0\bin\x86;C:\Program Files (x86)\Intel\OpenCL SDK\2.0\bin\x64;C:\Program Files\Intel\WiFi\bin\;C:\Program Files\Common Files\Intel\WirelessCommon\;C:\Program Files\Dell\Dell Data Protection\Access\Advanced\Wave\Gemalto\Access Client\v5\;C:\Program Files (x86)\NTRU Cryptosystems\NTRU TCG Software Stack\bin\;C:\Program Files\NTRU Cryptosystems\NTRU TCG Software Stack\bin\;C:\Program Files\WIDCOMM\Bluetooth Software\;C:\Program Files\WIDCOMM\Bluetooth Software\syswow64;C:\Program Files (x86)\QuickTime\QTSystem\;C:\HashiCorp\Vagrant\bin;C:\Program Files (x86)\SSH Communications Security\SSH Secure Shell;C:\AppServ\Apache2.2\bin;C:\AppServ\php5;C:\AppServ\MySQL\bin;."/>
    <property name="surefire.test.class.path" value="D:\GitHub\JavaWebExercise\sshe\target\test-classes;D:\GitHub\JavaWebExercise\sshe\target\classes;C:\Users\a0801\.m2\repository\com\oracle\ojdbc6\11.2.0.1.0\ojdbc6-11.2.0.1.0.jar;C:\Users\a0801\.m2\repository\com\alibaba\druid\0.2.8\druid-0.2.8.jar;C:\Users\a0801\.m2\repository\org\aspectj\aspectjweaver\1.7.0\aspectjweaver-1.7.0.jar;C:\Users\a0801\.m2\repository\javax\servlet\servlet-api\2.5\servlet-api-2.5.jar;C:\Users\a0801\.m2\repository\log4j\log4j\1.2.17\log4j-1.2.17.jar;C:\Users\a0801\.m2\repository\junit\junit\4.10\junit-4.10.jar;C:\Users\a0801\.m2\repository\org\hamcrest\hamcrest-core\1.1\hamcrest-core-1.1.jar;C:\Users\a0801\.m2\repository\org\hibernate\hibernate-core\4.1.7.Final\hibernate-core-4.1.7.Final.jar;C:\Users\a0801\.m2\repository\antlr\antlr\2.7.7\antlr-2.7.7.jar;C:\Users\a0801\.m2\repository\org\jboss\logging\jboss-logging\3.1.0.GA\jboss-logging-3.1.0.GA.jar;C:\Users\a0801\.m2\repository\org\jboss\spec\javax\transaction\jboss-transaction-api_1.1_spec\1.0.0.Final\jboss-transaction-api_1.1_spec-1.0.0.Final.jar;C:\Users\a0801\.m2\repository\dom4j\dom4j\1.6.1\dom4j-1.6.1.jar;C:\Users\a0801\.m2\repository\org\hibernate\javax\persistence\hibernate-jpa-2.0-api\1.0.1.Final\hibernate-jpa-2.0-api-1.0.1.Final.jar;C:\Users\a0801\.m2\repository\org\javassist\javassist\3.15.0-GA\javassist-3.15.0-GA.jar;C:\Users\a0801\.m2\repository\org\hibernate\common\hibernate-commons-annotations\4.0.1.Final\hibernate-commons-annotations-4.0.1.Final.jar;C:\Users\a0801\.m2\repository\org\apache\struts\struts2-core\2.3.4\struts2-core-2.3.4.jar;C:\Users\a0801\.m2\repository\org\apache\struts\xwork\xwork-core\2.3.4\xwork-core-2.3.4.jar;C:\Users\a0801\.m2\repository\asm\asm\3.3\asm-3.3.jar;C:\Users\a0801\.m2\repository\asm\asm-commons\3.3\asm-commons-3.3.jar;C:\Users\a0801\.m2\repository\asm\asm-tree\3.3\asm-tree-3.3.jar;C:\Users\a0801\.m2\repository\org\freemarker\freemarker\2.3.19\freemarker-2.3.19.jar;C:\Users\a0801\.m2\repository\ognl\ognl\3.0.5\ognl-3.0.5.jar;C:\Users\a0801\.m2\repository\commons-fileupload\commons-fileupload\1.2.2\commons-fileupload-1.2.2.jar;C:\Users\a0801\.m2\repository\commons-io\commons-io\2.0.1\commons-io-2.0.1.jar;C:\Users\a0801\.m2\repository\org\apache\struts\struts2-spring-plugin\2.3.4\struts2-spring-plugin-2.3.4.jar;C:\Users\a0801\.m2\repository\org\apache\commons\commons-lang3\3.1\commons-lang3-3.1.jar;C:\Users\a0801\.m2\repository\org\apache\struts\struts2-convention-plugin\2.3.4\struts2-convention-plugin-2.3.4.jar;C:\Users\a0801\.m2\repository\org\springframework\spring-core\3.1.2.RELEASE\spring-core-3.1.2.RELEASE.jar;C:\Users\a0801\.m2\repository\org\springframework\spring-asm\3.1.2.RELEASE\spring-asm-3.1.2.RELEASE.jar;C:\Users\a0801\.m2\repository\commons-logging\commons-logging\1.1.1\commons-logging-1.1.1.jar;C:\Users\a0801\.m2\repository\org\springframework\spring-context\3.1.2.RELEASE\spring-context-3.1.2.RELEASE.jar;C:\Users\a0801\.m2\repository\org\springframework\spring-aop\3.1.2.RELEASE\spring-aop-3.1.2.RELEASE.jar;C:\Users\a0801\.m2\repository\org\springframework\spring-jdbc\3.1.2.RELEASE\spring-jdbc-3.1.2.RELEASE.jar;C:\Users\a0801\.m2\repository\org\springframework\spring-tx\3.1.2.RELEASE\spring-tx-3.1.2.RELEASE.jar;C:\Users\a0801\.m2\repository\org\springframework\spring-beans\3.1.2.RELEASE\spring-beans-3.1.2.RELEASE.jar;C:\Users\a0801\.m2\repository\org\springframework\spring-web\3.1.2.RELEASE\spring-web-3.1.2.RELEASE.jar;C:\Users\a0801\.m2\repository\aopalliance\aopalliance\1.0\aopalliance-1.0.jar;C:\Users\a0801\.m2\repository\org\springframework\spring-expression\3.1.2.RELEASE\spring-expression-3.1.2.RELEASE.jar;C:\Users\a0801\.m2\repository\org\springframework\spring-orm\3.1.2.RELEASE\spring-orm-3.1.2.RELEASE.jar;"/>
    <property name="java.specification.name" value="Java Platform API Specification"/>
    <property name="java.class.version" value="51.0"/>
    <property name="sun.management.compiler" value="HotSpot 64-Bit Tiered Compilers"/>
    <property name="os.version" value="6.1"/>
    <property name="user.home" value="C:\Users\a0801"/>
    <property name="user.timezone" value="Asia/Taipei"/>
    <property name="java.awt.printerjob" value="sun.awt.windows.WPrinterJob"/>
    <property name="java.specification.version" value="1.7"/>
    <property name="file.encoding" value="UTF-8"/>
    <property name="user.name" value="a0801"/>
    <property name="java.class.path" value="D:\GitHub\JavaWebExercise\sshe\target\test-classes;D:\GitHub\JavaWebExercise\sshe\target\classes;C:\Users\a0801\.m2\repository\com\oracle\ojdbc6\11.2.0.1.0\ojdbc6-11.2.0.1.0.jar;C:\Users\a0801\.m2\repository\com\alibaba\druid\0.2.8\druid-0.2.8.jar;C:\Users\a0801\.m2\repository\org\aspectj\aspectjweaver\1.7.0\aspectjweaver-1.7.0.jar;C:\Users\a0801\.m2\repository\javax\servlet\servlet-api\2.5\servlet-api-2.5.jar;C:\Users\a0801\.m2\repository\log4j\log4j\1.2.17\log4j-1.2.17.jar;C:\Users\a0801\.m2\repository\junit\junit\4.10\junit-4.10.jar;C:\Users\a0801\.m2\repository\org\hamcrest\hamcrest-core\1.1\hamcrest-core-1.1.jar;C:\Users\a0801\.m2\repository\org\hibernate\hibernate-core\4.1.7.Final\hibernate-core-4.1.7.Final.jar;C:\Users\a0801\.m2\repository\antlr\antlr\2.7.7\antlr-2.7.7.jar;C:\Users\a0801\.m2\repository\org\jboss\logging\jboss-logging\3.1.0.GA\jboss-logging-3.1.0.GA.jar;C:\Users\a0801\.m2\repository\org\jboss\spec\javax\transaction\jboss-transaction-api_1.1_spec\1.0.0.Final\jboss-transaction-api_1.1_spec-1.0.0.Final.jar;C:\Users\a0801\.m2\repository\dom4j\dom4j\1.6.1\dom4j-1.6.1.jar;C:\Users\a0801\.m2\repository\org\hibernate\javax\persistence\hibernate-jpa-2.0-api\1.0.1.Final\hibernate-jpa-2.0-api-1.0.1.Final.jar;C:\Users\a0801\.m2\repository\org\javassist\javassist\3.15.0-GA\javassist-3.15.0-GA.jar;C:\Users\a0801\.m2\repository\org\hibernate\common\hibernate-commons-annotations\4.0.1.Final\hibernate-commons-annotations-4.0.1.Final.jar;C:\Users\a0801\.m2\repository\org\apache\struts\struts2-core\2.3.4\struts2-core-2.3.4.jar;C:\Users\a0801\.m2\repository\org\apache\struts\xwork\xwork-core\2.3.4\xwork-core-2.3.4.jar;C:\Users\a0801\.m2\repository\asm\asm\3.3\asm-3.3.jar;C:\Users\a0801\.m2\repository\asm\asm-commons\3.3\asm-commons-3.3.jar;C:\Users\a0801\.m2\repository\asm\asm-tree\3.3\asm-tree-3.3.jar;C:\Users\a0801\.m2\repository\org\freemarker\freemarker\2.3.19\freemarker-2.3.19.jar;C:\Users\a0801\.m2\repository\ognl\ognl\3.0.5\ognl-3.0.5.jar;C:\Users\a0801\.m2\repository\commons-fileupload\commons-fileupload\1.2.2\commons-fileupload-1.2.2.jar;C:\Users\a0801\.m2\repository\commons-io\commons-io\2.0.1\commons-io-2.0.1.jar;C:\Users\a0801\.m2\repository\org\apache\struts\struts2-spring-plugin\2.3.4\struts2-spring-plugin-2.3.4.jar;C:\Users\a0801\.m2\repository\org\apache\commons\commons-lang3\3.1\commons-lang3-3.1.jar;C:\Users\a0801\.m2\repository\org\apache\struts\struts2-convention-plugin\2.3.4\struts2-convention-plugin-2.3.4.jar;C:\Users\a0801\.m2\repository\org\springframework\spring-core\3.1.2.RELEASE\spring-core-3.1.2.RELEASE.jar;C:\Users\a0801\.m2\repository\org\springframework\spring-asm\3.1.2.RELEASE\spring-asm-3.1.2.RELEASE.jar;C:\Users\a0801\.m2\repository\commons-logging\commons-logging\1.1.1\commons-logging-1.1.1.jar;C:\Users\a0801\.m2\repository\org\springframework\spring-context\3.1.2.RELEASE\spring-context-3.1.2.RELEASE.jar;C:\Users\a0801\.m2\repository\org\springframework\spring-aop\3.1.2.RELEASE\spring-aop-3.1.2.RELEASE.jar;C:\Users\a0801\.m2\repository\org\springframework\spring-jdbc\3.1.2.RELEASE\spring-jdbc-3.1.2.RELEASE.jar;C:\Users\a0801\.m2\repository\org\springframework\spring-tx\3.1.2.RELEASE\spring-tx-3.1.2.RELEASE.jar;C:\Users\a0801\.m2\repository\org\springframework\spring-beans\3.1.2.RELEASE\spring-beans-3.1.2.RELEASE.jar;C:\Users\a0801\.m2\repository\org\springframework\spring-web\3.1.2.RELEASE\spring-web-3.1.2.RELEASE.jar;C:\Users\a0801\.m2\repository\aopalliance\aopalliance\1.0\aopalliance-1.0.jar;C:\Users\a0801\.m2\repository\org\springframework\spring-expression\3.1.2.RELEASE\spring-expression-3.1.2.RELEASE.jar;C:\Users\a0801\.m2\repository\org\springframework\spring-orm\3.1.2.RELEASE\spring-orm-3.1.2.RELEASE.jar;"/>
    <property name="java.vm.specification.version" value="1.7"/>
    <property name="sun.arch.data.model" value="64"/>
    <property name="java.home" value="C:\MyEclipse2014\binary\com.sun.java.jdk7.win32.x86_64_1.7.0.u45\jre"/>
    <property name="sun.java.command" value="D:\GitHub\JavaWebExercise\sshe\target\surefire\surefirebooter2589409736986541068.jar D:\GitHub\JavaWebExercise\sshe\target\surefire\surefire7529337225758430752tmp D:\GitHub\JavaWebExercise\sshe\target\surefire\surefire1934660067378449940tmp"/>
    <property name="java.specification.vendor" value="Oracle Corporation"/>
    <property name="user.language" value="zh"/>
    <property name="awt.toolkit" value="sun.awt.windows.WToolkit"/>
    <property name="java.vm.info" value="mixed mode"/>
    <property name="java.version" value="1.7.0_45"/>
    <property name="java.ext.dirs" value="C:\MyEclipse2014\binary\com.sun.java.jdk7.win32.x86_64_1.7.0.u45\jre\lib\ext;C:\Windows\Sun\Java\lib\ext"/>
    <property name="sun.boot.class.path" value="C:\MyEclipse2014\binary\com.sun.java.jdk7.win32.x86_64_1.7.0.u45\jre\lib\resources.jar;C:\MyEclipse2014\binary\com.sun.java.jdk7.win32.x86_64_1.7.0.u45\jre\lib\rt.jar;C:\MyEclipse2014\binary\com.sun.java.jdk7.win32.x86_64_1.7.0.u45\jre\lib\sunrsasign.jar;C:\MyEclipse2014\binary\com.sun.java.jdk7.win32.x86_64_1.7.0.u45\jre\lib\jsse.jar;C:\MyEclipse2014\binary\com.sun.java.jdk7.win32.x86_64_1.7.0.u45\jre\lib\jce.jar;C:\MyEclipse2014\binary\com.sun.java.jdk7.win32.x86_64_1.7.0.u45\jre\lib\charsets.jar;C:\MyEclipse2014\binary\com.sun.java.jdk7.win32.x86_64_1.7.0.u45\jre\lib\jfr.jar;C:\MyEclipse2014\binary\com.sun.java.jdk7.win32.x86_64_1.7.0.u45\jre\classes"/>
    <property name="java.vendor" value="Oracle Corporation"/>
    <property name="localRepository" value="C:\Users\a0801\.m2\repository"/>
    <property name="file.separator" value="\"/>
    <property name="java.vendor.url.bug" value="http://bugreport.sun.com/bugreport/"/>
    <property name="sun.cpu.endian" value="little"/>
    <property name="sun.io.unicode.encoding" value="UnicodeLittle"/>
    <property name="sun.desktop" value="windows"/>
    <property name="sun.cpu.isalist" value="amd64"/>
  </properties>
  <testcase time="2.843" classname="sy.test.TestSpring" name="test"/>
</testsuite>